[2025-06-16 21:00:56] [INFO] Выполнение скрипта: BasicDeobfuscation v1.0
[2025-06-16 21:00:56] [INFO] Запуск базовой деобфускации...
[2025-06-16 21:00:56] [SUCCESS] Удалено 0 NOP инструкций в 0 методах
[2025-06-16 21:00:56] [SUCCESS] Скрипт BasicDeobfuscation выполнен успешно
[2025-06-16 21:00:56] [INFO] Выполнение скрипта: StringDecryption v1.0
[2025-06-16 21:00:56] [INFO] Запуск расшифровки строк...
[2025-06-16 21:00:56] [SUCCESS] Расшифровано 1 строк
[2025-06-16 21:00:56] [SUCCESS] Скрипт StringDecryption выполнен успешно
[2025-06-16 21:00:56] [INFO] Выполнение скрипта: ControlFlowRecovery v1.0
[2025-06-16 21:00:56] [INFO] Запуск восстановления потока управления...
[2025-06-16 21:00:56] [SUCCESS] Оптимизировано 0 методов
[2025-06-16 21:00:56] [SUCCESS] Скрипт ControlFlowRecovery выполнен успешно
[2025-06-16 21:00:56] [INFO] Выполнение скрипта: MetadataRepair v1.0
[2025-06-16 21:00:56] [INFO] Запуск восстановления метаданных...
[2025-06-16 21:00:56] [SUCCESS] Восстановлено 0 типов и 0 методов
[2025-06-16 21:00:56] [SUCCESS] Скрипт MetadataRepair выполнен успешно
[2025-06-16 21:00:56] [INFO] Выполнение скрипта: BasicDeobfuscation v1.0
[2025-06-16 21:00:56] [INFO] Запуск базовой деобфускации...
[2025-06-16 21:00:56] [SUCCESS] Удалено 0 NOP инструкций в 0 методах
[2025-06-16 21:00:56] [SUCCESS] Скрипт BasicDeobfuscation выполнен успешно
[2025-06-16 21:00:56] [INFO] Выполнение скрипта: StringDecryption v1.0
[2025-06-16 21:00:56] [INFO] Запуск расшифровки строк...
[2025-06-16 21:00:56] [SUCCESS] Расшифровано 0 строк
[2025-06-16 21:00:56] [SUCCESS] Скрипт StringDecryption выполнен успешно
[2025-06-16 21:00:56] [INFO] Выполнение скрипта: MetadataRepair v1.0
[2025-06-16 21:00:56] [INFO] Запуск восстановления метаданных...
[2025-06-16 21:00:56] [SUCCESS] Восстановлено 0 типов и 0 методов
[2025-06-16 21:00:56] [SUCCESS] Скрипт MetadataRepair выполнен успешно
[2025-06-16 21:04:24] [INFO] Выполнение скрипта: BasicDeobfuscation v1.0
[2025-06-16 21:04:24] [INFO] Запуск базовой деобфускации...
[2025-06-16 21:04:24] [SUCCESS] Удалено 0 NOP инструкций в 0 методах
[2025-06-16 21:04:24] [SUCCESS] Скрипт BasicDeobfuscation выполнен успешно
[2025-06-16 21:04:24] [INFO] Выполнение скрипта: StringDecryption v1.0
[2025-06-16 21:04:24] [INFO] Запуск расшифровки строк...
[2025-06-16 21:04:24] [SUCCESS] Расшифровано 1 строк
[2025-06-16 21:04:24] [SUCCESS] Скрипт StringDecryption выполнен успешно
[2025-06-16 21:04:24] [INFO] Выполнение скрипта: ControlFlowRecovery v1.0
[2025-06-16 21:04:24] [INFO] Запуск восстановления потока управления...
[2025-06-16 21:04:24] [SUCCESS] Оптимизировано 0 методов
[2025-06-16 21:04:24] [SUCCESS] Скрипт ControlFlowRecovery выполнен успешно
[2025-06-16 21:04:24] [INFO] Выполнение скрипта: MetadataRepair v1.0
[2025-06-16 21:04:24] [INFO] Запуск восстановления метаданных...
[2025-06-16 21:04:24] [SUCCESS] Восстановлено 0 типов и 0 методов
[2025-06-16 21:04:24] [SUCCESS] Скрипт MetadataRepair выполнен успешно
[2025-06-16 21:04:24] [INFO] Выполнение скрипта: BasicDeobfuscation v1.0
[2025-06-16 21:04:24] [INFO] Запуск базовой деобфускации...
[2025-06-16 21:04:24] [SUCCESS] Удалено 0 NOP инструкций в 0 методах
[2025-06-16 21:04:24] [SUCCESS] Скрипт BasicDeobfuscation выполнен успешно
[2025-06-16 21:04:24] [INFO] Выполнение скрипта: StringDecryption v1.0
[2025-06-16 21:04:24] [INFO] Запуск расшифровки строк...
[2025-06-16 21:04:24] [SUCCESS] Расшифровано 0 строк
[2025-06-16 21:04:24] [SUCCESS] Скрипт StringDecryption выполнен успешно
[2025-06-16 21:04:24] [INFO] Выполнение скрипта: MetadataRepair v1.0
[2025-06-16 21:04:24] [INFO] Запуск восстановления метаданных...
[2025-06-16 21:04:24] [SUCCESS] Восстановлено 0 типов и 0 методов
[2025-06-16 21:04:24] [SUCCESS] Скрипт MetadataRepair выполнен успешно
[2025-06-16 21:05:09] [INFO] Выполнение скрипта: BasicDeobfuscation v1.0
[2025-06-16 21:05:09] [INFO] Запуск базовой деобфускации...
[2025-06-16 21:05:09] [SUCCESS] Удалено 0 NOP инструкций в 0 методах
[2025-06-16 21:05:09] [SUCCESS] Скрипт BasicDeobfuscation выполнен успешно
[2025-06-16 21:05:09] [INFO] Выполнение скрипта: StringDecryption v1.0
[2025-06-16 21:05:09] [INFO] Запуск расшифровки строк...
[2025-06-16 21:05:09] [SUCCESS] Расшифровано 0 строк
[2025-06-16 21:05:09] [SUCCESS] Скрипт StringDecryption выполнен успешно
[2025-06-16 21:05:09] [INFO] Выполнение скрипта: ControlFlowRecovery v1.0
[2025-06-16 21:05:09] [INFO] Запуск восстановления потока управления...
[2025-06-16 21:05:09] [SUCCESS] Оптимизировано 0 методов
[2025-06-16 21:05:09] [SUCCESS] Скрипт ControlFlowRecovery выполнен успешно
[2025-06-16 21:05:09] [INFO] Выполнение скрипта: MetadataRepair v1.0
[2025-06-16 21:05:09] [INFO] Запуск восстановления метаданных...
[2025-06-16 21:05:09] [SUCCESS] Восстановлено 0 типов и 0 методов
[2025-06-16 21:05:09] [SUCCESS] Скрипт MetadataRepair выполнен успешно
[2025-06-16 21:05:09] [INFO] Выполнение скрипта: BasicDeobfuscation v1.0
[2025-06-16 21:05:09] [INFO] Запуск базовой деобфускации...
[2025-06-16 21:05:09] [SUCCESS] Удалено 0 NOP инструкций в 0 методах
[2025-06-16 21:05:09] [SUCCESS] Скрипт BasicDeobfuscation выполнен успешно
[2025-06-16 21:05:09] [INFO] Выполнение скрипта: StringDecryption v1.0
[2025-06-16 21:05:09] [INFO] Запуск расшифровки строк...
[2025-06-16 21:05:09] [SUCCESS] Расшифровано 0 строк
[2025-06-16 21:05:09] [SUCCESS] Скрипт StringDecryption выполнен успешно
[2025-06-16 21:05:09] [INFO] Выполнение скрипта: MetadataRepair v1.0
[2025-06-16 21:05:09] [INFO] Запуск восстановления метаданных...
[2025-06-16 21:05:09] [SUCCESS] Восстановлено 0 типов и 0 методов
[2025-06-16 21:05:09] [SUCCESS] Скрипт MetadataRepair выполнен успешно
[2025-06-16 21:29:30] [INFO] Выполнение скрипта: BasicDeobfuscation v1.0
[2025-06-16 21:29:30] [INFO] Запуск базовой деобфускации...
[2025-06-16 21:29:30] [SUCCESS] Удалено 0 NOP инструкций в 0 методах
[2025-06-16 21:29:30] [SUCCESS] Скрипт BasicDeobfuscation выполнен успешно
[2025-06-16 21:29:30] [INFO] Выполнение скрипта: StringDecryption v1.0
[2025-06-16 21:29:30] [INFO] Запуск расшифровки строк...
[2025-06-16 21:29:30] [SUCCESS] Расшифровано 1 строк
[2025-06-16 21:29:30] [SUCCESS] Скрипт StringDecryption выполнен успешно
[2025-06-16 21:29:30] [INFO] Выполнение скрипта: ControlFlowRecovery v1.0
[2025-06-16 21:29:30] [INFO] Запуск восстановления потока управления...
[2025-06-16 21:29:30] [SUCCESS] Оптимизировано 0 методов
[2025-06-16 21:29:30] [SUCCESS] Скрипт ControlFlowRecovery выполнен успешно
[2025-06-16 21:29:30] [INFO] Выполнение скрипта: MetadataRepair v1.0
[2025-06-16 21:29:30] [INFO] Запуск восстановления метаданных...
[2025-06-16 21:29:30] [SUCCESS] Восстановлено 0 типов и 0 методов
[2025-06-16 21:29:30] [SUCCESS] Скрипт MetadataRepair выполнен успешно
[2025-06-16 21:29:30] [INFO] Выполнение скрипта: BasicDeobfuscation v1.0
[2025-06-16 21:29:30] [INFO] Запуск базовой деобфускации...
[2025-06-16 21:29:30] [SUCCESS] Удалено 0 NOP инструкций в 0 методах
[2025-06-16 21:29:30] [SUCCESS] Скрипт BasicDeobfuscation выполнен успешно
[2025-06-16 21:29:30] [INFO] Выполнение скрипта: StringDecryption v1.0
[2025-06-16 21:29:30] [INFO] Запуск расшифровки строк...
[2025-06-16 21:29:30] [SUCCESS] Расшифровано 0 строк
[2025-06-16 21:29:30] [SUCCESS] Скрипт StringDecryption выполнен успешно
[2025-06-16 21:29:30] [INFO] Выполнение скрипта: MetadataRepair v1.0
[2025-06-16 21:29:30] [INFO] Запуск восстановления метаданных...
[2025-06-16 21:29:30] [SUCCESS] Восстановлено 0 типов и 0 методов
[2025-06-16 21:29:30] [SUCCESS] Скрипт MetadataRepair выполнен успешно
[2025-06-16 21:31:33] [INFO] Выполнение скрипта: BasicDeobfuscation v1.0
[2025-06-16 21:31:33] [INFO] Запуск базовой деобфускации...
[2025-06-16 21:31:33] [SUCCESS] Удалено 0 NOP инструкций в 0 методах
[2025-06-16 21:31:33] [SUCCESS] Скрипт BasicDeobfuscation выполнен успешно
[2025-06-16 21:31:33] [INFO] Выполнение скрипта: StringDecryption v1.0
[2025-06-16 21:31:33] [INFO] Запуск расшифровки строк...
[2025-06-16 21:31:33] [SUCCESS] Расшифровано 1 строк
[2025-06-16 21:31:33] [SUCCESS] Скрипт StringDecryption выполнен успешно
[2025-06-16 21:31:33] [INFO] Выполнение скрипта: ControlFlowRecovery v1.0
[2025-06-16 21:31:33] [INFO] Запуск восстановления потока управления...
[2025-06-16 21:31:33] [SUCCESS] Оптимизировано 0 методов
[2025-06-16 21:31:33] [SUCCESS] Скрипт ControlFlowRecovery выполнен успешно
[2025-06-16 21:31:33] [INFO] Выполнение скрипта: MetadataRepair v1.0
[2025-06-16 21:31:33] [INFO] Запуск восстановления метаданных...
[2025-06-16 21:31:33] [SUCCESS] Восстановлено 0 типов и 0 методов
[2025-06-16 21:31:33] [SUCCESS] Скрипт MetadataRepair выполнен успешно
[2025-06-16 21:31:33] [INFO] Выполнение скрипта: BasicDeobfuscation v1.0
[2025-06-16 21:31:33] [INFO] Запуск базовой деобфускации...
[2025-06-16 21:31:33] [SUCCESS] Удалено 0 NOP инструкций в 0 методах
[2025-06-16 21:31:33] [SUCCESS] Скрипт BasicDeobfuscation выполнен успешно
[2025-06-16 21:31:33] [INFO] Выполнение скрипта: StringDecryption v1.0
[2025-06-16 21:31:33] [INFO] Запуск расшифровки строк...
[2025-06-16 21:31:33] [SUCCESS] Расшифровано 0 строк
[2025-06-16 21:31:33] [SUCCESS] Скрипт StringDecryption выполнен успешно
[2025-06-16 21:31:33] [INFO] Выполнение скрипта: MetadataRepair v1.0
[2025-06-16 21:31:33] [INFO] Запуск восстановления метаданных...
[2025-06-16 21:31:33] [SUCCESS] Восстановлено 0 типов и 0 методов
[2025-06-16 21:31:33] [SUCCESS] Скрипт MetadataRepair выполнен успешно
[2025-06-16 21:34:08] [INFO] Выполнение скрипта: BasicDeobfuscation v1.0
[2025-06-16 21:34:08] [INFO] Запуск базовой деобфускации...
[2025-06-16 21:34:08] [SUCCESS] Удалено 0 NOP инструкций в 0 методах
[2025-06-16 21:34:08] [SUCCESS] Скрипт BasicDeobfuscation выполнен успешно
[2025-06-16 21:34:08] [INFO] Выполнение скрипта: StringDecryption v1.0
[2025-06-16 21:34:08] [INFO] Запуск расшифровки строк...
[2025-06-16 21:34:08] [SUCCESS] Расшифровано 1 строк
[2025-06-16 21:34:08] [SUCCESS] Скрипт StringDecryption выполнен успешно
[2025-06-16 21:34:08] [INFO] Выполнение скрипта: ControlFlowRecovery v1.0
[2025-06-16 21:34:08] [INFO] Запуск восстановления потока управления...
[2025-06-16 21:34:08] [SUCCESS] Оптимизировано 0 методов
[2025-06-16 21:34:08] [SUCCESS] Скрипт ControlFlowRecovery выполнен успешно
[2025-06-16 21:34:08] [INFO] Выполнение скрипта: MetadataRepair v1.0
[2025-06-16 21:34:08] [INFO] Запуск восстановления метаданных...
[2025-06-16 21:34:08] [SUCCESS] Восстановлено 0 типов и 0 методов
[2025-06-16 21:34:08] [SUCCESS] Скрипт MetadataRepair выполнен успешно
[2025-06-16 21:34:08] [INFO] Выполнение скрипта: BasicDeobfuscation v1.0
[2025-06-16 21:34:08] [INFO] Запуск базовой деобфускации...
[2025-06-16 21:34:08] [SUCCESS] Удалено 0 NOP инструкций в 0 методах
[2025-06-16 21:34:08] [SUCCESS] Скрипт BasicDeobfuscation выполнен успешно
[2025-06-16 21:34:08] [INFO] Выполнение скрипта: StringDecryption v1.0
[2025-06-16 21:34:08] [INFO] Запуск расшифровки строк...
[2025-06-16 21:34:08] [SUCCESS] Расшифровано 0 строк
[2025-06-16 21:34:08] [SUCCESS] Скрипт StringDecryption выполнен успешно
[2025-06-16 21:34:08] [INFO] Выполнение скрипта: MetadataRepair v1.0
[2025-06-16 21:34:08] [INFO] Запуск восстановления метаданных...
[2025-06-16 21:34:08] [SUCCESS] Восстановлено 0 типов и 0 методов
[2025-06-16 21:34:08] [SUCCESS] Скрипт MetadataRepair выполнен успешно
