[2025-06-16 21:15:53] [INFO] Выполнение скрипта: BasicDeobfuscation v1.0
[2025-06-16 21:15:53] [INFO] Запуск базовой деобфускации...
[2025-06-16 21:15:53] [SUCCESS] Удалено 0 NOP инструкций в 0 методах
[2025-06-16 21:15:53] [SUCCESS] Скрипт BasicDeobfuscation выполнен успешно
[2025-06-16 21:15:53] [INFO] Выполнение скрипта: StringDecryption v1.0
[2025-06-16 21:15:53] [INFO] Запуск расшифровки строк...
[2025-06-16 21:15:53] [SUCCESS] Расшифровано 1 строк
[2025-06-16 21:15:53] [SUCCESS] Скрипт StringDecryption выполнен успешно
[2025-06-16 21:15:53] [INFO] Выполнение скрипта: ControlFlowRecovery v1.0
[2025-06-16 21:15:53] [INFO] Запуск восстановления потока управления...
[2025-06-16 21:15:53] [SUCCESS] Оптимизировано 0 методов
[2025-06-16 21:15:53] [SUCCESS] Скрипт ControlFlowRecovery выполнен успешно
[2025-06-16 21:15:53] [INFO] Выполнение скрипта: MetadataRepair v1.0
[2025-06-16 21:15:53] [INFO] Запуск восстановления метаданных...
[2025-06-16 21:15:53] [SUCCESS] Восстановлено 0 типов и 0 методов
[2025-06-16 21:15:53] [SUCCESS] Скрипт MetadataRepair выполнен успешно
[2025-06-16 21:15:53] [INFO] Выполнение скрипта: BasicDeobfuscation v1.0
[2025-06-16 21:15:53] [INFO] Запуск базовой деобфускации...
[2025-06-16 21:15:53] [SUCCESS] Удалено 0 NOP инструкций в 0 методах
[2025-06-16 21:15:53] [SUCCESS] Скрипт BasicDeobfuscation выполнен успешно
[2025-06-16 21:15:53] [INFO] Выполнение скрипта: StringDecryption v1.0
[2025-06-16 21:15:53] [INFO] Запуск расшифровки строк...
[2025-06-16 21:15:53] [SUCCESS] Расшифровано 0 строк
[2025-06-16 21:15:53] [SUCCESS] Скрипт StringDecryption выполнен успешно
[2025-06-16 21:15:53] [INFO] Выполнение скрипта: MetadataRepair v1.0
[2025-06-16 21:15:53] [INFO] Запуск восстановления метаданных...
[2025-06-16 21:15:53] [SUCCESS] Восстановлено 0 типов и 0 методов
[2025-06-16 21:15:53] [SUCCESS] Скрипт MetadataRepair выполнен успешно
[2025-06-16 21:16:26] [INFO] Выполнение скрипта: BasicDeobfuscation v1.0
[2025-06-16 21:16:26] [INFO] Запуск базовой деобфускации...
[2025-06-16 21:16:26] [SUCCESS] Удалено 0 NOP инструкций в 0 методах
[2025-06-16 21:16:26] [SUCCESS] Скрипт BasicDeobfuscation выполнен успешно
[2025-06-16 21:16:26] [INFO] Выполнение скрипта: StringDecryption v1.0
[2025-06-16 21:16:26] [INFO] Запуск расшифровки строк...
[2025-06-16 21:16:26] [SUCCESS] Расшифровано 0 строк
[2025-06-16 21:16:26] [SUCCESS] Скрипт StringDecryption выполнен успешно
[2025-06-16 21:16:26] [INFO] Выполнение скрипта: ControlFlowRecovery v1.0
[2025-06-16 21:16:26] [INFO] Запуск восстановления потока управления...
[2025-06-16 21:16:26] [SUCCESS] Оптимизировано 0 методов
[2025-06-16 21:16:26] [SUCCESS] Скрипт ControlFlowRecovery выполнен успешно
[2025-06-16 21:16:26] [INFO] Выполнение скрипта: MetadataRepair v1.0
[2025-06-16 21:16:26] [INFO] Запуск восстановления метаданных...
[2025-06-16 21:16:26] [SUCCESS] Восстановлено 0 типов и 0 методов
[2025-06-16 21:16:26] [SUCCESS] Скрипт MetadataRepair выполнен успешно
[2025-06-16 21:16:26] [INFO] Выполнение скрипта: BasicDeobfuscation v1.0
[2025-06-16 21:16:26] [INFO] Запуск базовой деобфускации...
[2025-06-16 21:16:26] [SUCCESS] Удалено 0 NOP инструкций в 0 методах
[2025-06-16 21:16:26] [SUCCESS] Скрипт BasicDeobfuscation выполнен успешно
[2025-06-16 21:16:26] [INFO] Выполнение скрипта: StringDecryption v1.0
[2025-06-16 21:16:26] [INFO] Запуск расшифровки строк...
[2025-06-16 21:16:26] [SUCCESS] Расшифровано 0 строк
[2025-06-16 21:16:26] [SUCCESS] Скрипт StringDecryption выполнен успешно
[2025-06-16 21:16:26] [INFO] Выполнение скрипта: MetadataRepair v1.0
[2025-06-16 21:16:26] [INFO] Запуск восстановления метаданных...
[2025-06-16 21:16:26] [SUCCESS] Восстановлено 0 типов и 0 методов
[2025-06-16 21:16:26] [SUCCESS] Скрипт MetadataRepair выполнен успешно
